[26825032] Using port 4461
Server waiting for client
Connected player with UUID Red-Perpentine
Assigned index 0
Server waiting for client
Connected player with UUID Blue-Perpentine
Assigned index 1
Server waiting for client
Connected player with UUID Green-Perpentine
Assigned index 2
Server waiting for client
Connected player with UUID Purple-Perpentine
Assigned index 3
[26827203] Processing the map...
[26827403] Initializing controllers...
[26827409] Initializing the game...
[0] Red-Perpentine (Comm open) - sending GET_READY...
[0] Red-Perpentine (Comm open) - Ready!
[1] Blue-Perpentine (Comm open) - sending GET_READY...
[1] Blue-Perpentine (Comm open) - Ready!
[2] Green-Perpentine (Comm open) - sending GET_READY...
[2] Green-Perpentine (Comm open) - Ready!
[3] Purple-Perpentine (Comm open) - sending GET_READY...
[3] Purple-Perpentine (Comm open) - Ready!
[26829030] Turn number: 0
[26829030] ----------------------------------------------------
[26830258] Turn number: 1
[26830258] ----------------------------------------------------
[26831003] Turn number: 2
[26831003] ----------------------------------------------------
[26831897] Turn number: 3
[26831897] ----------------------------------------------------
[26832721] Turn number: 4
[26832722] ----------------------------------------------------
[26833634] Turn number: 5
[26833635] ----------------------------------------------------
[26834559] Turn number: 6
[26834560] ----------------------------------------------------
[26835539] Turn number: 7
[26835540] ----------------------------------------------------
[26836489] Turn number: 8
[26836489] ----------------------------------------------------
[26837379] Turn number: 9
[26837379] ----------------------------------------------------
[26838299] Turn number: 10
[26838299] ----------------------------------------------------
[26839232] Turn number: 11
[26839233] ----------------------------------------------------
[26840193] Turn number: 12
[26840194] ----------------------------------------------------
[26841166] Turn number: 13
[26841166] ----------------------------------------------------
[26842119] Turn number: 14
[26842120] ----------------------------------------------------
[26843159] Turn number: 15
[26843159] ----------------------------------------------------
[26844166] Turn number: 16
[26844167] ----------------------------------------------------
[26845322] Turn number: 17
[26845323] ----------------------------------------------------
[26846479] Turn number: 18
[26846479] ----------------------------------------------------
[26847711] Turn number: 19
[26847711] ----------------------------------------------------
[26848324] Green-Perpentine Acquired Territory, now at  (25, 25)
[26848325] Purple-Perpentine Acquired Territory, now at  (4, 25)
[26848753] Turn number: 20
[26848753] ----------------------------------------------------
[26849816] Turn number: 21
[26849817] ----------------------------------------------------
[26850999] Turn number: 22
[26851000] ----------------------------------------------------
[26852079] Turn number: 23
[26852080] ----------------------------------------------------
[26852694] Red-Perpentine Acquired Territory, now at  (4, 4)
[26852694] Blue-Perpentine Acquired Territory, now at  (25, 4)
[26852856] Turn number: 24
[26852857] ----------------------------------------------------
[26853677] Turn number: 25
[26853678] ----------------------------------------------------
[26854505] Turn number: 26
[26854506] ----------------------------------------------------
[26855112] Green-Perpentine Acquired Territory, now at  (19, 24)
[26855296] Turn number: 27
[26855297] ----------------------------------------------------
[26856147] Turn number: 28
[26856147] ----------------------------------------------------
[26856942] Turn number: 29
[26856942] ----------------------------------------------------
[26857714] Turn number: 30
[26857714] ----------------------------------------------------
[26858327] Red-Perpentine Acquired Territory, now at  (5, 10)
[26858493] Turn number: 31
[26858494] ----------------------------------------------------
[26859310] Turn number: 32
[26859311] ----------------------------------------------------
[26860118] Turn number: 33
[26860118] ----------------------------------------------------
[26860894] Turn number: 34
[26860894] ----------------------------------------------------
[26861680] Turn number: 35
[26861680] ----------------------------------------------------
[26862496] Turn number: 36
[26862496] ----------------------------------------------------
[26863424] Turn number: 37
[26863424] ----------------------------------------------------
[26864297] Turn number: 38
[26864297] ----------------------------------------------------
[26865144] Turn number: 39
[26865145] ----------------------------------------------------
[26865991] Turn number: 40
[26865991] ----------------------------------------------------
[26866582] Green-Perpentine Acquired Territory, now at  (19, 22)
[26866582] Purple-Perpentine Acquired Territory, now at  (10, 22)
[26866820] Turn number: 41
[26866820] ----------------------------------------------------
[26867684] Turn number: 42
[26867684] ----------------------------------------------------
[26868509] Turn number: 43
[26868509] ----------------------------------------------------
[26869342] Turn number: 44
[26869342] ----------------------------------------------------
[26870280] Turn number: 45
[26870290] ----------------------------------------------------
[26871697] Turn number: 46
[26871698] Empty move from player 0
[26871698] Empty move from player 1
[26871702] ----------------------------------------------------
[26872340] Red-Perpentine Acquired Territory, now at  (9, 10)
[26872475] Turn number: 47
[26872475] ----------------------------------------------------
